<?xml version="1.0" encoding="UTF-8"?>
<!-- Generated by org.testng.reporters.JUnitXMLReporter -->
<testsuite ignored="0" hostname="LAPTOP-MCJLI0KK" failures="0" tests="8" name="Default test" time="0.134" errors="0" timestamp="2022-07-12T15:15:10 EDT">
  <testcase classname="testNG.Groups" name="tc1" time="0.014"/>
  <testcase classname="testNG.Groups" name="tc2" time="0.002"/>
  <testcase classname="testNG.Groups" name="tc3" time="0.003"/>
  <testcase classname="testNG.Groups" name="tc4" time="0.001"/>
  <testcase classname="testNG.Groups" name="tc5" time="0.001"/>
  <testcase classname="testNG.Groups" name="tc6" time="0.002"/>
  <testcase classname="testNG.Groups" name="tc7" time="0.002"/>
  <testcase classname="testNG.Groups" name="tc8" time="0.006"/>
</testsuite> <!-- Default test -->
