<?xml version="1.0" encoding="UTF-8"?>
<!-- Generated by org.testng.reporters.JUnitXMLReporter -->
<testsuite ignored="0" hostname="LAPTOP-MCJLI0KK" failures="0" tests="3" name="Test" time="1.065" errors="0" timestamp="2022-07-14T13:21:26 EDT">
  <testcase classname="extentreports.Login" name="LoginTest" time="0.012"/>
  <testcase classname="extentreports.Registration" name="RegistrationTest" time="0.003"/>
  <testcase classname="extentreports.Logout" name="LogoutTest" time="0.004"/>
</testsuite> <!-- Test -->
